<?xml version="1.0" encoding="UTF-8"?>
<!-- Generated by org.testng.reporters.JUnitReportReporter -->
<testsuite hostname="AE-LP-1516" failures="0" tests="1" name="Testing.Opstool" time="5.242" errors="0" timestamp="2023-06-26T18:11:44 IST" skipped="0">
  <testcase classname="Testing.Opstool" name="open" time="5.242"/>
  <system-out/>
</testsuite> <!-- Testing.Opstool -->
