<?xml version="1.0" encoding="UTF-8"?>
<!-- Generated by org.testng.reporters.JUnitReportReporter -->
<testsuite hostname="AE-LP-1516" failures="0" tests="1" name="Testing.ExceptionTimeOutTest" time="0.002" errors="0" timestamp="2023-06-08T18:21:08 IST" skipped="0">
  <testcase classname="Testing.ExceptionTimeOutTest" name="test" time="0.002"/>
  <system-out/>
</testsuite> <!-- Testing.ExceptionTimeOutTest -->
