<?xml version="1.0" encoding="UTF-8"?>
<!-- Generated by org.testng.reporters.JUnitReportReporter -->
<testsuite hostname="AE-LP-1516" failures="0" tests="2" name="com.testcase.testngbasics" time="0.034" errors="0" timestamp="2023-06-26T15:26:01 IST" skipped="0">
  <testcase classname="com.testcase.testngbasics" name="googleTitleTest" time="0.030"/>
  <system-out/>
  <testcase classname="com.testcase.testngbasics" name="searchTitle" time="0.004"/>
  <system-out/>
</testsuite> <!-- com.testcase.testngbasics -->
