<?xml version="1.0" encoding="UTF-8"?>
<!-- Generated by org.testng.reporters.JUnitReportReporter -->
<testsuite hostname="AE-LP-1516" failures="0" tests="4" name="com.testcase.GoogleTest" time="21.392" errors="0" timestamp="2023-06-26T15:29:37 IST" skipped="0">
  <testcase classname="com.testcase.GoogleTest" name="googleTitleTest" time="4.672"/>
  <system-out/>
  <testcase classname="com.testcase.GoogleTest" name="googleLogoTest" time="4.937"/>
  <system-out/>
  <testcase classname="com.testcase.GoogleTest" name="mailLinks" time="7.248"/>
  <system-out/>
  <testcase classname="com.testcase.GoogleTest" name="nameCountry" time="4.535"/>
  <system-out/>
</testsuite> <!-- com.testcase.GoogleTest -->
