<?xml version="1.0" encoding="UTF-8"?>
<!-- Generated by org.testng.reporters.JUnitReportReporter -->
<testsuite hostname="AE-LP-1516" failures="0" tests="10" name="Testing.InvocationCountTest" time="0.004" errors="0" timestamp="2023-06-08T18:21:09 IST" skipped="0">
  <testcase classname="Testing.InvocationCountTest" name="sum" time="0.000"/>
  <system-out/>
  <testcase classname="Testing.InvocationCountTest" name="sum" time="0.001"/>
  <system-out/>
  <testcase classname="Testing.InvocationCountTest" name="sum" time="0.001"/>
  <system-out/>
  <testcase classname="Testing.InvocationCountTest" name="sum" time="0.001"/>
  <system-out/>
  <testcase classname="Testing.InvocationCountTest" name="sum" time="0.000"/>
  <system-out/>
  <testcase classname="Testing.InvocationCountTest" name="sum" time="0.000"/>
  <system-out/>
  <testcase classname="Testing.InvocationCountTest" name="sum" time="0.000"/>
  <system-out/>
  <testcase classname="Testing.InvocationCountTest" name="sum" time="0.000"/>
  <system-out/>
  <testcase classname="Testing.InvocationCountTest" name="sum" time="0.001"/>
  <system-out/>
  <testcase classname="Testing.InvocationCountTest" name="sum" time="0.000"/>
  <system-out/>
</testsuite> <!-- Testing.InvocationCountTest -->
